<?xml version="1.0" encoding="UTF-8"?>
<testng-results skipped="0" failed="0" ignored="0" total="0" passed="0">
  <reporter-output>
    <line>
      <![CDATA[Extent Report DirectoryC:\Users\Julian\IdeaProjects\web-automation-selenium-framework-team2\Alibaba\target\surefire-reports\html]]>
    </line>
  </reporter-output>
  <suite name="Surefire suite" duration-ms="10" started-at="2022-02-19T11:54:06 EST" finished-at="2022-02-19T11:54:06 EST">
    <groups>
    </groups>
    <test name="Surefire test" duration-ms="10" started-at="2022-02-19T11:54:06 EST" finished-at="2022-02-19T11:54:06 EST">
      <class name="us.piit.AppTest">
        <test-method status="PASS" signature="extentSetup(org.testng.ITestContext)[pri:0, instance:us.piit.AppTest@6f195bc3]" name="extentSetup" is-config="true" duration-ms="151" started-at="2022-02-19T11:54:06 EST" finished-at="2022-02-19T11:54:06 EST">
          <params>
            <param index="0">
              <value>
                <![CDATA[org.testng.TestRunner@dd05255]]>
              </value>
            </param>
          </params>
          <reporter-output>
            <line>
              <![CDATA[Extent Report DirectoryC:\Users\Julian\IdeaProjects\web-automation-selenium-framework-team2\Alibaba\target\surefire-reports\html]]>
            </line>
          </reporter-output>
        </test-method> <!-- extentSetup -->
        <test-method status="PASS" signature="generateReport()[pri:0, instance:us.piit.AppTest@6f195bc3]" name="generateReport" is-config="true" duration-ms="245" started-at="2022-02-19T11:54:07 EST" finished-at="2022-02-19T11:54:07 EST">
          <reporter-output>
          </reporter-output>
        </test-method> <!-- generateReport -->
      </class> <!-- us.piit.AppTest -->
    </test> <!-- Surefire test -->
  </suite> <!-- Surefire suite -->
</testng-results>
